<?xml version="1.0" encoding="UTF-8"?>
<!-- Generated by org.testng.reporters.JUnitReportReporter -->
<testsuite hostname="MacBooks-MBP" failures="0" tests="3" name="testng1.day3" time="0.064" errors="0" timestamp="2023-04-28T23:06:55 CEST" skipped="0">
  <testcase classname="testng1.day3" name="ApiLoginHome" time="0.059"/>
  <system-out/>
  <testcase classname="testng1.day3" name="MobileLoginHome" time="0.003"/>
  <system-out/>
  <testcase classname="testng1.day3" name="WebLoginHome" time="0.002"/>
  <system-out/>
</testsuite> <!-- testng1.day3 -->
