<?xml version="1.0" encoding="UTF-8"?>
<!-- Generated by org.testng.reporters.JUnitReportReporter -->
<testsuite hostname="MacBooks-MBP" failures="0" tests="1" name="testng1.Day" time="0.019" errors="0" timestamp="2023-04-28T23:06:55 CEST" skipped="0">
  <testcase classname="testng1.Day" name="demo" time="0.019"/>
  <system-out/>
</testsuite> <!-- testng1.Day -->
