<?xml version="1.0" encoding="UTF-8"?>
<!-- Generated by org.testng.reporters.JUnitReportReporter -->
<testsuite hostname="MacBooks-MBP" failures="0" tests="4" name="testng1.day2" time="0.029" errors="0" timestamp="2023-04-30T01:35:46 CEST" skipped="0">
  <testcase classname="testng1.day2" name="ApiLogin" time="0.008"/>
  <system-out/>
  <testcase classname="testng1.day2" name="WebLogin" time="0.004"/>
  <system-out/>
  <testcase classname="testng1.day2" name="ApiLogin" time="0.004"/>
  <system-out/>
  <testcase classname="testng1.day2" name="ApiLogin" time="0.013"/>
  <system-out/>
</testsuite> <!-- testng1.day2 -->
