<?xml version="1.0" encoding="UTF-8"?>
<!-- Generated by org.testng.reporters.JUnitReportReporter -->
<testsuite hostname="MacBooks-MBP" failures="0" tests="1" name="testng1.day1" time="0.005" errors="0" timestamp="2023-04-28T23:06:55 CEST" skipped="0">
  <testcase classname="testng1.day1" name="demo" time="0.005"/>
  <system-out/>
</testsuite> <!-- testng1.day1 -->
