<?xml version="1.0" encoding="UTF-8"?>
<!-- Generated by org.testng.reporters.JUnitReportReporter -->
<testsuite hostname="MacBooks-MBP" failures="0" tests="3" name="testng1.day3" time="0.030" errors="0" timestamp="2023-04-30T01:35:46 CEST" skipped="0">
  <testcase classname="testng1.day3" name="MobileLoginHome" time="0.004"/>
  <system-out/>
  <testcase classname="testng1.day3" name="WebLoginHome" time="0.002"/>
  <system-out/>
  <testcase classname="testng1.day3" name="ApiLoginHome" time="0.024"/>
  <system-out/>
</testsuite> <!-- testng1.day3 -->
