<?xml version="1.0" encoding="UTF-8"?>
<!-- Generated by org.testng.reporters.JUnitReportReporter -->
<testsuite hostname="MacBooks-MBP" failures="0" tests="1" name="testCore.PS1" time="0.022" errors="0" timestamp="2023-04-30T20:40:44 CEST" skipped="0">
  <testcase classname="testCore.PS1" name="testRun" time="0.022"/>
  <system-out/>
</testsuite> <!-- testCore.PS1 -->
